[2020-07-27 17:15:47,183][MainThread:18168][task_id:WeiBo_Login.LOGGER_SPIDER][LOGGER_SPIDER.py:73][INFO][It works!]
[2020-07-27 17:15:47,188][MainThread:18168][task_id:WeiBo_Login.LOGGER_SPIDER][LOGGER_SPIDER.py:73][INFO][It works!]
[2020-07-27 17:15:47,286][MainThread:18168][task_id:WeiBo_Login.LOGGER_SPIDER][LOGGER_SPIDER.py:73][INFO][It works!]
[2020-07-27 17:15:47,462][MainThread:18168][task_id:WeiBo_Login.LOGGER_SPIDER][LOGGER_SPIDER.py:73][INFO][It works!]
[2020-07-27 17:15:47,463][MainThread:18168][task_id:WeiBo_Login.LOGGER_SPIDER][LOGGER_SPIDER.py:73][INFO][It works!]
[2020-07-27 17:15:47,471][MainThread:18168][task_id:WeiBo_Login.read_cookie][read_cookie.py:27][INFO][成功提交]
[2020-07-27 17:15:48,173][MainThread:18168][task_id:WeiBo_Login.verify_cookies][verify_cookies.py:15][INFO][[bopo7542110362@163.com]用户的_2A25yE8hTDeRhGeFN6VMV-CzKzz-IHXVR_-gbrDV6PUJbkdAKLXGtkW1NQEMPzDdOCAQk67WqqsaAZs27vVAyLNQD;没有过期，成功登录]
[2020-07-27 17:15:48,173][MainThread:18168][task_id:WeiBo_Login.generate][generate.py:27][INFO][bopo7542110362@163.com的_2A25yE8hTDeRhGeFN6VMV-CzKzz-IHXVR_-gbrDV6PUJbkdAKLXGtkW1NQEMPzDdOCAQk67WqqsaAZs27vVAyLNQD;没过期继续用]
[2020-07-27 17:15:48,184][MainThread:18168][task_id:WeiBo_Login.read_cookie][read_cookie.py:27][INFO][成功提交]
[2020-07-27 17:15:48,938][MainThread:18168][task_id:WeiBo_Login.verify_cookies][verify_cookies.py:15][INFO][[muzhong85746197@163.com]用户的_2A25yE8h0DeRhGeFN6VMV9y_FyDmIHXVR_-g8rDV6PUJbktANLRDDkW1NQEMCU26FoQwUTHct8Mr7xTKPOm24Wjur;没有过期，成功登录]
[2020-07-27 17:15:48,940][MainThread:18168][task_id:WeiBo_Login.generate][generate.py:27][INFO][muzhong85746197@163.com的_2A25yE8h0DeRhGeFN6VMV9y_FyDmIHXVR_-g8rDV6PUJbktANLRDDkW1NQEMCU26FoQwUTHct8Mr7xTKPOm24Wjur;没过期继续用]
[2020-07-27 17:15:48,959][MainThread:18168][task_id:WeiBo_Login.read_cookie][read_cookie.py:27][INFO][成功提交]
[2020-07-27 17:15:51,529][MainThread:18168][task_id:WeiBo_Login.verify_cookies][verify_cookies.py:15][INFO][[gehc06450208bu@163.com]用户的_2A25yE8hnDeRhGeFN6VMV9CnLyzqIHXVR_-gvrDV6PUJbkdAKLWrxkW1NQEM9jQNxCGRhIFu6iHKjSVbQs9GO4wNF;没有过期，成功登录]
[2020-07-27 17:15:51,530][MainThread:18168][task_id:WeiBo_Login.generate][generate.py:27][INFO][gehc06450208bu@163.com的_2A25yE8hnDeRhGeFN6VMV9CnLyzqIHXVR_-gvrDV6PUJbkdAKLWrxkW1NQEM9jQNxCGRhIFu6iHKjSVbQs9GO4wNF;没过期继续用]
[2020-07-27 17:15:51,544][MainThread:18168][task_id:WeiBo_Login.read_cookie][read_cookie.py:27][INFO][成功提交]
[2020-07-27 17:15:52,162][MainThread:18168][task_id:WeiBo_Login.verify_cookies][verify_cookies.py:15][INFO][[de96325918quhanj@163.com]用户的_2A25yE8gcDeRhGeFN6VMW9CnFwziIHXVR_-hUrDV6PUJbkdANLRDckW1NQEM6pzS62uUxyy7Kz-1rR7eq3NDpeOyi;没有过期，成功登录]
[2020-07-27 17:15:52,163][MainThread:18168][task_id:WeiBo_Login.generate][generate.py:27][INFO][de96325918quhanj@163.com的_2A25yE8gcDeRhGeFN6VMW9CnFwziIHXVR_-hUrDV6PUJbkdANLRDckW1NQEM6pzS62uUxyy7Kz-1rR7eq3NDpeOyi;没过期继续用]
[2020-07-27 17:15:52,190][MainThread:18168][task_id:WeiBo_Login.read_cookie][read_cookie.py:27][INFO][成功提交]
[2020-07-27 17:15:53,187][MainThread:18168][task_id:WeiBo_Login.verify_cookies][verify_cookies.py:15][INFO][[bztj2053333han@163.com]用户的_2A25yE8g8DeRhGeFN6VMW8yzMwjuIHXVR_-h0rDV6PUJbktCOLWzakW1NQEMzbW2CaILWtxsSBhnypMP_kQaHt6_h;没有过期，成功登录]
[2020-07-27 17:15:53,188][MainThread:18168][task_id:WeiBo_Login.generate][generate.py:27][INFO][bztj2053333han@163.com的_2A25yE8g8DeRhGeFN6VMW8yzMwjuIHXVR_-h0rDV6PUJbktCOLWzakW1NQEMzbW2CaILWtxsSBhnypMP_kQaHt6_h;没过期继续用]
